#
# There is insufficient memory for the Java Runtime Environment to continue.
# Native memory allocation (malloc) failed to allocate 32744 bytes for ChunkPool::allocate
# Possible reasons:
#   The system is out of physical RAM or swap space
#   In 32 bit mode, the process size limit was hit
# Possible solutions:
#   Reduce memory load on the system
#   Increase physical memory or swap space
#   Check if swap backing store is full
#   Use 64 bit Java on a 64 bit OS
#   Decrease Java heap size (-Xmx/-Xms)
#   Decrease number of Java threads
#   Decrease Java thread stack sizes (-Xss)
#   Set larger code cache with -XX:ReservedCodeCacheSize=
# This output file may be truncated or incomplete.
#
#  Out of Memory Error (allocation.cpp:273), pid=9112, tid=3392
#
# JRE version:  (8.0_60-b27) (build )
# Java VM: Java HotSpot(TM) 64-Bit Server VM (25.60-b23 mixed mode windows-amd64 compressed oops)
# Failed to write core dump. Minidumps are not enabled by default on client versions of Windows
#

---------------  T H R E A D  ---------------

Current thread (0x0000000002962800):  JavaThread "main" [_thread_in_vm, id=3392, stack(0x0000000002550000,0x0000000002650000)]

Stack: [0x0000000002550000,0x0000000002650000]
[error occurred during error reporting (printing stack bounds), id 0xc0000005]

Native frames: (J=compiled Java code, j=interpreted, Vv=VM code, C=native code)

Java frames: (J=compiled Java code, j=interpreted, Vv=VM code)
j  java.lang.Class.getDeclaredFields0(Z)[Ljava/lang/reflect/Field;+0
j  java.lang.Class.access$100(Ljava/lang/Class;Z)[Ljava/lang/reflect/Field;+2
j  java.lang.Class$Atomic.<clinit>()V+9
v  ~StubRoutines::call_stub
j  java.lang.Class.newReflectionData(Ljava/lang/ref/SoftReference;I)Ljava/lang/Class$ReflectionData;+27
j  java.lang.Class.reflectionData()Ljava/lang/Class$ReflectionData;+45
j  java.lang.Class.privateGetDeclaredFields(Z)[Ljava/lang/reflect/Field;+4
j  java.lang.Class.getDeclaredField(Ljava/lang/String;)Ljava/lang/reflect/Field;+11
j  java.util.concurrent.atomic.AtomicReferenceFieldUpdater$AtomicReferenceFieldUpdaterImpl$1.run()Ljava/lang/reflect/Field;+8
j  java.util.concurrent.atomic.AtomicReferenceFieldUpdater$AtomicReferenceFieldUpdaterImpl$1.run()Ljava/lang/Object;+1
v  ~StubRoutines::call_stub
j  java.security.AccessController.doPrivileged(Ljava/security/PrivilegedExceptionAction;)Ljava/lang/Object;+0
j  java.util.concurrent.atomic.AtomicReferenceFieldUpdater$AtomicReferenceFieldUpdaterImpl.<init>(Ljava/lang/Class;Ljava/lang/Class;Ljava/lang/String;Ljava/lang/Class;)V+14
j  java.util.concurrent.atomic.AtomicReferenceFieldUpdater.newUpdater(Ljava/lang/Class;Ljava/lang/Class;Ljava/lang/String;)Ljava/util/concurrent/atomic/AtomicReferenceFieldUpdater;+10
j  java.io.BufferedInputStream.<clinit>()V+17
v  ~StubRoutines::call_stub
j  java.lang.System.initializeSystemClass()V+70
v  ~StubRoutines::call_stub

---------------  P R O C E S S  ---------------

Java Threads: ( => current thread )
  0x0000000002a53800 JavaThread "Finalizer" daemon [_thread_blocked, id=3356, stack(0x0000000017490000,0x0000000017590000)]
  0x0000000002a52000 JavaThread "Reference Handler" daemon [_thread_blocked, id=6700, stack(0x0000000017390000,0x0000000017490000)]
=>0x0000000002962800 JavaThread "main" [_thread_in_vm, id=3392, stack(0x0000000002550000,0x0000000002650000)]

Other Threads:
  0x0000000015599800 VMThread [stack: 0x0000000017290000,0x0000000017390000] [id=5352]

VM state:not at safepoint (normal execution)

VM Mutex/Monitor currently owned by a thread: None

Heap:
 PSYoungGen      total 38400K, used 1331K [0x00000000eab00000, 0x00000000ed580000, 0x0000000100000000)
  eden space 33280K, 4% used [0x00000000eab00000,0x00000000eac4cd80,0x00000000ecb80000)
  from space 5120K, 0% used [0x00000000ed080000,0x00000000ed080000,0x00000000ed580000)
  to   space 5120K, 0% used [0x00000000ecb80000,0x00000000ecb80000,0x00000000ed080000)
 ParOldGen       total 87552K, used 0K [0x00000000c0000000, 0x00000000c5580000, 0x00000000eab00000)
  object space 87552K, 0% used [0x00000000c0000000,0x00000000c0000000,0x00000000c5580000)
 Metaspace       used 1223K, capacity 4480K, committed 4480K, reserved 1056768K
  class space    used 135K, capacity 384K, committed 384K, reserved 1048576K

Card table byte_map: [0x0000000011e20000,0x0000000012030000] byte_map_base: 0x0000000011820000

Marking Bits: (ParMarkBitMap*) 0x000000006bd4a5b0
 Begin Bits: [0x0000000012990000, 0x0000000013990000)
 End Bits:   [0x0000000013990000, 0x0000000014990000)

Polling page: 0x0000000000c10000

CodeCache: size=245760Kb used=405Kb max_used=405Kb free=245354Kb
 bounds [0x0000000002a60000, 0x0000000002cd0000, 0x0000000011a60000]
 total_blobs=105 nmethods=0 adapters=79
 compilation: enabled

Compilation events (0 events):
No events

GC Heap History (0 events):
No events

Deoptimization events (0 events):
No events

Internal exceptions (2 events):
Event: 0.093 Thread 0x0000000002962800 Exception <a 'java/lang/NoSuchMethodError': Method sun.misc.Unsafe.defineClass(Ljava/lang/String;[BII)Ljava/lang/Class; name or signature does not match> (0x00000000eab0d878) thrown at [C:\re\workspace\8-2-build-windows-amd64-cygwin\jdk8u60\4407\hotspot\srý‡·Ü‡Ò·?
Event: 0.093 Thread 0x0000000002962800 Exception <a 'java/lang/NoSuchMethodError': Method sun.misc.Unsafe.prefetchRead(Ljava/lang/Object;J)V name or signature does not match> (0x00000000eab0db60) thrown at [C:\re\workspace\8-2-build-windows-amd64-cygwin\jdk8u60\4407\hotspot\src\share\vm\prims\j

Events (10 events):
Event: 0.099 loading class sun/reflect/generics/repository/AbstractRepository
Event: 0.099 loading class sun/reflect/generics/repository/AbstractRepository done
Event: 0.099 loading class sun/reflect/generics/repository/GenericDeclRepository done
Event: 0.099 loading class sun/reflect/generics/repository/ClassRepository done
Event: 0.099 loading class java/lang/Class$AnnotationData
Event: 0.100 loading class java/lang/Class$AnnotationData done
Event: 0.100 loading class sun/reflect/annotation/AnnotationType
Event: 0.100 loading class sun/reflect/annotation/AnnotationType done
Event: 0.100 loading class java/lang/ClassValue$ClassValueMap
Event: 0.100 loading class java/util/WeakHashMap


Dynamic libraries:
0x000007f757790000 - 0x000007f7577c7000 	C:\Program Files\Java\jdk1.8.0_60\bin\java.exe
0x000007f9a50c0000 - 0x000007f9a5280000 	C:\Windows\SYSTEM32\ntdll.dll
0x000007f9a4390000 - 0x000007f9a44c6000 	C:\Windows\system32\KERNEL32.DLL
0x000007f9a23b0000 - 0x000007f9a24a3000 	C:\Windows\system32\KERNELBASE.dll
0x000007f9a2bd0000 - 0x000007f9a2cae000 	C:\Windows\system32\ADVAPI32.dll
0x000007f9a40e0000 - 0x000007f9a422c000 	C:\Windows\system32\USER32.dll
0x000007f99fcb0000 - 0x000007f99ff1a000 	C:\Windows\WinSxS\amd64_microsoft.windows.common-controls_6595b64144ccf1df_6.0.9200.16579_none_418ab7ef718b27ef\COMCTL32.dll
0x000007f9a42e0000 - 0x000007f9a4385000 	C:\Windows\system32\msvcrt.dll
0x000007f9a24c0000 - 0x000007f9a2508000 	C:\Windows\SYSTEM32\sechost.dll
0x000007f9a2cb0000 - 0x000007f9a2df5000 	C:\Windows\system32\RPCRT4.dll
0x000007f9a44d0000 - 0x000007f9a4611000 	C:\Windows\system32\GDI32.dll
0x000007f9a4e60000 - 0x000007f9a4e99000 	C:\Windows\system32\IMM32.DLL
0x000007f9a4d40000 - 0x000007f9a4e56000 	C:\Windows\system32\MSCTF.dll
0x000000006c560000 - 0x000000006c632000 	C:\Program Files\Java\jdk1.8.0_60\jre\bin\msvcr100.dll
0x000000006b540000 - 0x000000006bdc9000 	C:\Program Files\Java\jdk1.8.0_60\jre\bin\server\jvm.dll
0x000007f98aeb0000 - 0x000007f98aeb9000 	C:\Windows\SYSTEM32\WSOCK32.dll
0x000007f99f040000 - 0x000007f99f060000 	C:\Windows\SYSTEM32\WINMM.dll
0x000007f99f820000 - 0x000007f99f829000 	C:\Windows\SYSTEM32\VERSION.dll
0x000007f9a24b0000 - 0x000007f9a24b7000 	C:\Windows\system32\PSAPI.DLL
0x000007f9a4ea0000 - 0x000007f9a4ef8000 	C:\Windows\system32\WS2_32.dll
0x000007f99ef20000 - 0x000007f99ef53000 	C:\Windows\SYSTEM32\WINMMBASE.dll
0x000007f9a4a60000 - 0x000007f9a4a69000 	C:\Windows\system32\NSI.dll
0x000007f9a2260000 - 0x000007f9a22af000 	C:\Windows\SYSTEM32\cfgmgr32.dll
0x000007f9a22b0000 - 0x000007f9a22d2000 	C:\Windows\system32\DEVOBJ.dll
0x000000006c300000 - 0x000000006c30f000 	C:\Program Files\Java\jdk1.8.0_60\jre\bin\verify.dll
0x000000006c2d0000 - 0x000000006c2f9000 	C:\Program Files\Java\jdk1.8.0_60\jre\bin\java.dll
0x000000006c2b0000 - 0x000000006c2c6000 	C:\Program Files\Java\jdk1.8.0_60\jre\bin\zip.dll
0x000007f9a2e00000 - 0x000007f9a40df000 	C:\Windows\system32\SHELL32.dll
0x000007f9a2a20000 - 0x000007f9a2bd0000 	C:\Windows\SYSTEM32\combase.dll
0x000007f9a4a10000 - 0x000007f9a4a60000 	C:\Windows\system32\SHLWAPI.dll
0x000007f9a1130000 - 0x000007f9a11c5000 	C:\Windows\SYSTEM32\SHCORE.dll
0x000007f9a2000000 - 0x000007f9a2015000 	C:\Windows\system32\profapi.dll

VM Arguments:
jvm_args: -Xmx1024M -Dfile.encoding=windows-1252 -Duser.country=US -Duser.language=en -Duser.variant 
java_command: com.android.dx.command.Main --dex --num-threads=4 --output C:\Users\Jacobmosehansen\Desktop\IKT\6_Semester\ITSMAP\itsmap_repo\Theme_project\Project\ThemeProject\app\build\intermediates\pre-dexed\debug\classes-15bc2dd9261dcbd43ab110d6fecdfdb1087bca61.jar C:\Users\Jacobmosehansen\Desktop\IKT\6_Semester\ITSMAP\itsmap_repo\Theme_project\Project\ThemeProject\app\build\intermediates\exploded-aar\com.google.android.gms\play-services-gcm\8.1.0\jars\classes.jar
java_class_path (initial): C:\Users\Jacobmosehansen\AppData\Local\Android\sdk\build-tools\23.0.1\lib\dx.jar
Launcher Type: SUN_STANDARD

Environment Variables:
PATH=C:\ProgramData\Oracle\Java\javapath;C:\Windows\system32;C:\Windows;C:\Windows\System32\Wbem;C:\Windows\System32\WindowsPowerShell\v1.0\;C:\Program Files (x86)\Windows Kits\8.1\Windows Performance Toolkit\;C:\Program Files\Microsoft SQL Server\110\Tools\Binn\;C:\Program Files (x86)\Git\cmd;C:\Program Files\MATLAB\R2015a\runtime\win64;C:\Program Files\MATLAB\R2015a\bin;C:\Program Files\MATLAB\R2013b\runtime\win64;C:\Program Files\MATLAB\R2013b\bin;C:\Strawberry\c\bin;C:\Strawberry\perl\site\bin;C:\Strawberry\perl\bin;c:\Program Files (x86)\Microsoft SQL Server\110\Tools\Binn\ManagementStudio\;c:\Program Files (x86)\Microsoft SQL Server\110\Tools\Binn\;c:\Program Files (x86)\Microsoft SQL Server\110\DTS\Binn\;c:\Program Files\Microsoft SQL Server\110\DTS\Binn\;C:\Program Files (x86)\NVIDIA Corporation\PhysX\Common;C:\Program Files (x86)\Skype\Phone\;C:\texlive\2014\bin\win32;C:\Users\Jacobmosehansen\AppData\Local\Code\bin
USERNAME=Jacobmosehansen
OS=Windows_NT
PROCESSOR_IDENTIFIER=Intel64 Family 6 Model 58 Stepping 9, GenuineIntel



---------------  S Y S T E M  ---------------

OS: Windows 8 , 64 bit Build 9200 (6.2.9200.16815)

CPU:total 8 (4 cores per cpu, 2 threads per core) family 6 model 58 stepping 9, cmov, cx8, fxsr, mmx, sse, sse2, sse3, ssse3, sse4.1, sse4.2, popcnt, avx, aes, clmul, erms, ht, tsc, tscinvbit, tscinv

Memory: 4k page, physical 8293064k(686204k free), swap 13631820k(216320k free)

vm_info: Java HotSpot(TM) 64-Bit Server VM (25.60-b23) for windows-amd64 JRE (1.8.0_60-b27), built on Aug  4 2015 11:06:27 by "java_re" with MS VC++ 10.0 (VS2010)

time: Sat Oct 10 15:04:38 2015
elapsed time: 0 seconds (0d 0h 0m 0s)

