#
# There is insufficient memory for the Java Runtime Environment to continue.
# Native memory allocation (malloc) failed to allocate 8192 bytes for AllocateHeap
# Possible reasons:
#   The system is out of physical RAM or swap space
#   In 32 bit mode, the process size limit was hit
# Possible solutions:
#   Reduce memory load on the system
#   Increase physical memory or swap space
#   Check if swap backing store is full
#   Use 64 bit Java on a 64 bit OS
#   Decrease Java heap size (-Xmx/-Xms)
#   Decrease number of Java threads
#   Decrease Java thread stack sizes (-Xss)
#   Set larger code cache with -XX:ReservedCodeCacheSize=
# This output file may be truncated or incomplete.
#
#  Out of Memory Error (memory/allocation.inline.hpp:61), pid=8332, tid=7980
#
# JRE version:  (8.0_60-b27) (build )
# Java VM: Java HotSpot(TM) 64-Bit Server VM (25.60-b23 mixed mode windows-amd64 compressed oops)
# Failed to write core dump. Minidumps are not enabled by default on client versions of Windows
#

---------------  T H R E A D  ---------------

Current thread (0x0000000002bd2800):  JavaThread "Unknown thread" [_thread_in_vm, id=7980, stack(0x00000000027f0000,0x00000000028f0000)]

Stack: [0x00000000027f0000,0x00000000028f0000]
[error occurred during error reporting (printing stack bounds), id 0xc0000005]

Native frames: (J=compiled Java code, j=interpreted, Vv=VM code, C=native code)


---------------  P R O C E S S  ---------------

Java Threads: ( => current thread )

Other Threads:

=>0x0000000002bd2800 (exited) JavaThread "Unknown thread" [_thread_in_vm, id=7980, stack(0x00000000027f0000,0x00000000028f0000)]

VM state:not at safepoint (not fully initialized)

VM Mutex/Monitor currently owned by a thread:  ([mutex/lock_event])
[0x00000000027ec670] SymbolTable_lock - owner thread: 0x0000000002bd2800

GC Heap History (0 events):
No events

Deoptimization events (0 events):
No events

Internal exceptions (0 events):
No events

Events (10 events):
Event: 0.058 loading class sun/reflect/CallerSensitive done
Event: 0.058 loading class java/lang/invoke/DirectMethodHandle
Event: 0.058 loading class java/lang/invoke/MethodHandle
Event: 0.059 loading class java/lang/invoke/MethodHandle done
Event: 0.059 loading class java/lang/invoke/DirectMethodHandle done
Event: 0.059 loading class java/lang/invoke/MemberName
Event: 0.059 loading class java/lang/invoke/MemberName done
Event: 0.059 loading class java/lang/invoke/MethodHandleNatives
Event: 0.059 loading class java/lang/invoke/MethodHandleNatives done
Event: 0.060 loading class java/lang/invoke/LambdaForm


Dynamic libraries:
0x000007f757790000 - 0x000007f7577c7000 	C:\Program Files\Java\jdk1.8.0_60\bin\java.exe
0x000007f9a50c0000 - 0x000007f9a5280000 	C:\Windows\SYSTEM32\ntdll.dll
0x000007f9a4390000 - 0x000007f9a44c6000 	C:\Windows\system32\KERNEL32.DLL
0x000007f9a23b0000 - 0x000007f9a24a3000 	C:\Windows\system32\KERNELBASE.dll
0x000007f9a2bd0000 - 0x000007f9a2cae000 	C:\Windows\system32\ADVAPI32.dll
0x000007f9a40e0000 - 0x000007f9a422c000 	C:\Windows\system32\USER32.dll
0x000007f99fcb0000 - 0x000007f99ff1a000 	C:\Windows\WinSxS\amd64_microsoft.windows.common-controls_6595b64144ccf1df_6.0.9200.16579_none_418ab7ef718b27ef\COMCTL32.dll
0x000007f9a42e0000 - 0x000007f9a4385000 	C:\Windows\system32\msvcrt.dll
0x000007f9a24c0000 - 0x000007f9a2508000 	C:\Windows\SYSTEM32\sechost.dll
0x000007f9a2cb0000 - 0x000007f9a2df5000 	C:\Windows\system32\RPCRT4.dll
0x000007f9a44d0000 - 0x000007f9a4611000 	C:\Windows\system32\GDI32.dll
0x000007f9a4e60000 - 0x000007f9a4e99000 	C:\Windows\system32\IMM32.DLL
0x000007f9a4d40000 - 0x000007f9a4e56000 	C:\Windows\system32\MSCTF.dll
0x000000006c560000 - 0x000000006c632000 	C:\Program Files\Java\jdk1.8.0_60\jre\bin\msvcr100.dll
0x000000006b540000 - 0x000000006bdc9000 	C:\Program Files\Java\jdk1.8.0_60\jre\bin\server\jvm.dll
0x000007f98aeb0000 - 0x000007f98aeb9000 	C:\Windows\SYSTEM32\WSOCK32.dll
0x000007f99f040000 - 0x000007f99f060000 	C:\Windows\SYSTEM32\WINMM.dll
0x000007f99f820000 - 0x000007f99f829000 	C:\Windows\SYSTEM32\VERSION.dll
0x000007f9a24b0000 - 0x000007f9a24b7000 	C:\Windows\system32\PSAPI.DLL
0x000007f9a4ea0000 - 0x000007f9a4ef8000 	C:\Windows\system32\WS2_32.dll
0x000007f99ef20000 - 0x000007f99ef53000 	C:\Windows\SYSTEM32\WINMMBASE.dll
0x000007f9a4a60000 - 0x000007f9a4a69000 	C:\Windows\system32\NSI.dll
0x000007f9a2260000 - 0x000007f9a22af000 	C:\Windows\SYSTEM32\cfgmgr32.dll
0x000007f9a22b0000 - 0x000007f9a22d2000 	C:\Windows\system32\DEVOBJ.dll
0x000000006c300000 - 0x000000006c30f000 	C:\Program Files\Java\jdk1.8.0_60\jre\bin\verify.dll
0x000000006c2d0000 - 0x000000006c2f9000 	C:\Program Files\Java\jdk1.8.0_60\jre\bin\java.dll
0x000000006c2b0000 - 0x000000006c2c6000 	C:\Program Files\Java\jdk1.8.0_60\jre\bin\zip.dll

VM Arguments:
jvm_args: -Xmx1024M -Dfile.encoding=windows-1252 -Duser.country=US -Duser.language=en -Duser.variant 
java_command: com.android.dx.command.Main --dex --num-threads=4 --output C:\Users\Jacobmosehansen\Desktop\IKT\6_Semester\ITSMAP\itsmap_repo\Theme_project\Project\ThemeProject\app\build\intermediates\pre-dexed\debug\classes-8efac6afa912e4c4fa5ac7acdce5118889993a2c.jar C:\Users\Jacobmosehansen\Desktop\IKT\6_Semester\ITSMAP\itsmap_repo\Theme_project\Project\ThemeProject\app\build\intermediates\exploded-aar\com.google.android.gms\play-services-basement\8.1.0\jars\classes.jar
java_class_path (initial): C:\Users\Jacobmosehansen\AppData\Local\Android\sdk\build-tools\23.0.1\lib\dx.jar
Launcher Type: SUN_STANDARD

Environment Variables:
PATH=C:\ProgramData\Oracle\Java\javapath;C:\Windows\system32;C:\Windows;C:\Windows\System32\Wbem;C:\Windows\System32\WindowsPowerShell\v1.0\;C:\Program Files (x86)\Windows Kits\8.1\Windows Performance Toolkit\;C:\Program Files\Microsoft SQL Server\110\Tools\Binn\;C:\Program Files (x86)\Git\cmd;C:\Program Files\MATLAB\R2015a\runtime\win64;C:\Program Files\MATLAB\R2015a\bin;C:\Program Files\MATLAB\R2013b\runtime\win64;C:\Program Files\MATLAB\R2013b\bin;C:\Strawberry\c\bin;C:\Strawberry\perl\site\bin;C:\Strawberry\perl\bin;c:\Program Files (x86)\Microsoft SQL Server\110\Tools\Binn\ManagementStudio\;c:\Program Files (x86)\Microsoft SQL Server\110\Tools\Binn\;c:\Program Files (x86)\Microsoft SQL Server\110\DTS\Binn\;c:\Program Files\Microsoft SQL Server\110\DTS\Binn\;C:\Program Files (x86)\NVIDIA Corporation\PhysX\Common;C:\Program Files (x86)\Skype\Phone\;C:\texlive\2014\bin\win32;C:\Users\Jacobmosehansen\AppData\Local\Code\bin
USERNAME=Jacobmosehansen
OS=Windows_NT
PROCESSOR_IDENTIFIER=Intel64 Family 6 Model 58 Stepping 9, GenuineIntel



---------------  S Y S T E M  ---------------

OS: Windows 8 , 64 bit Build 9200 (6.2.9200.16815)

CPU:total 8 (4 cores per cpu, 2 threads per core) family 6 model 58 stepping 9, cmov, cx8, fxsr, mmx, sse, sse2, sse3, ssse3, sse4.1, sse4.2, popcnt, avx, aes, clmul, erms, ht, tsc, tscinvbit, tscinv

Memory: 4k page, physical 8293064k(686076k free), swap 13631820k(205752k free)

vm_info: Java HotSpot(TM) 64-Bit Server VM (25.60-b23) for windows-amd64 JRE (1.8.0_60-b27), built on Aug  4 2015 11:06:27 by "java_re" with MS VC++ 10.0 (VS2010)

time: Sat Oct 10 15:04:38 2015
elapsed time: 0 seconds (0d 0h 0m 0s)

