#
# A fatal error has been detected by the Java Runtime Environment:
#
#  EXCEPTION_ACCESS_VIOLATION (0xc0000005) at pc=0x000000006b7518a7, pid=4604, tid=7532
#
# JRE version: Java(TM) SE Runtime Environment (8.0_60-b27) (build 1.8.0_60-b27)
# Java VM: Java HotSpot(TM) 64-Bit Server VM (25.60-b23 mixed mode windows-amd64 compressed oops)
# Problematic frame:
# V  [jvm.dll+0x2118a7]
#
# Failed to write core dump. Minidumps are not enabled by default on client versions of Windows
#
# If you would like to submit a bug report, please visit:
#   http://bugreport.java.com/bugreport/crash.jsp
#

---------------  T H R E A D  ---------------

Current thread (0x0000000016f83000):  JavaThread "Signal Dispatcher" daemon [_thread_in_vm, id=7532, stack(0x0000000017360000,0x0000000017460000)]

siginfo: ExceptionCode=0xc0000005, writing address 0x000000001745a140

Registers:
RAX=0x000000001745a140, RBX=0x0000000000000006, RCX=0x0000000000005000, RDX=0x0000000000000006
RSP=0x000000001745f140, RBP=0x0000000000000000, RSI=0x000000001745f140, RDI=0x0000000000000006
R8 =0x0000000000000006, R9 =0x0000000014d2a220, R10=0x000000001436d5d8, R11=0x000000001736a150
R12=0x0000000014d2a220, R13=0x0000000016f83000, R14=0x000000001745f208, R15=0x000000001436d5d8
RIP=0x000000006b7518a7, EFLAGS=0x0000000000010202

Top of Stack: (sp=0x000000001745f140)
0x000000001745f140:   0000c57051274f85 0000000000000000
0x000000001745f150:   0000000016f83000 0000000014d2a220
0x000000001745f160:   00000000ffffffff 000000006b7527d7
0x000000001745f170:   000000001745f270 000000001436d5d8
0x000000001745f180:   0000000016f83000 000000006b5ff323
0x000000001745f190:   000000001745f1d0 0000000016f83000
0x000000001745f1a0:   000000001745f260 0000000016f83000
0x000000001745f1b0:   000000001436d5d8 0000000016f83000
0x000000001745f1c0:   00000000022210e0 0000000016f83000
0x000000001745f1d0:   000000001436d5d8 0000000016f83000
0x000000001745f1e0:   000000001436d5d8 0000000016f83000
0x000000001745f1f0:   0000000000000001 000000001436d5d8
0x000000001745f200:   0000000016f83000 0000000014d3eb40
0x000000001745f210:   0000000016f83000 000000006b60080d
0x000000001745f220:   000000001745f570 00000001000069a0
0x000000001745f230:   00000001000069a0 000007f9a50d037f 

Instructions: (pc=0x000000006b7518a7)
0x000000006b751887:   48 89 6c 24 30 33 ed 66 90 e8 ab 36 08 00 ff c3
0x000000006b751897:   48 63 c8 48 8b c6 48 0f af cf 48 ff c7 48 2b c1
0x000000006b7518a7:   89 28 48 63 c3 48 3b 05 dd 9d 58 00 7e db 48 8b
0x000000006b7518b7:   6c 24 30 48 8b 5c 24 38 48 8b 74 24 40 48 83 c4 


Register to memory mapping:

RAX=0x000000001745a140 is pointing into the stack for thread: 0x0000000016f83000
RBX=0x0000000000000006 is an unknown value
RCX=0x0000000000005000 is an unknown value
RDX=0x0000000000000006 is an unknown value
RSP=0x000000001745f140 is pointing into the stack for thread: 0x0000000016f83000
RBP=0x0000000000000000 is an unknown value
RSI=0x000000001745f140 is pointing into the stack for thread: 0x0000000016f83000
RDI=0x0000000000000006 is an unknown value
R8 =0x0000000000000006 is an unknown value
R9 =0x0000000014d2a220 is an unknown value
R10={method} {0x000000001436d5e0} 'exit' '()V' in 'java/lang/Thread'
R11=0x000000001736a150 is pointing into the stack for thread: 0x0000000016f83000
R12=0x0000000014d2a220 is an unknown value
R13=0x0000000016f83000 is a thread
R14=0x000000001745f208 is pointing into the stack for thread: 0x0000000016f83000
R15={method} {0x000000001436d5e0} 'exit' '()V' in 'java/lang/Thread'


Stack: [0x0000000017360000,0x0000000017460000],  sp=0x000000001745f140,  free space=1020k
Native frames: (J=compiled Java code, j=interpreted, Vv=VM code, C=native code)


---------------  P R O C E S S  ---------------

Java Threads: ( => current thread )
  0x0000000017007000 JavaThread "Service Thread" daemon [_thread_blocked, id=3284, stack(0x0000000017960000,0x0000000017a60000)]
  0x0000000016fe2800 JavaThread "C1 CompilerThread3" daemon [_thread_blocked, id=6908, stack(0x0000000017860000,0x0000000017960000)]
  0x0000000016fde000 JavaThread "C2 CompilerThread2" daemon [_thread_blocked, id=2480, stack(0x0000000017760000,0x0000000017860000)]
  0x0000000016fdc000 JavaThread "C2 CompilerThread1" daemon [_thread_blocked, id=3356, stack(0x0000000017660000,0x0000000017760000)]
  0x0000000016f86800 JavaThread "C2 CompilerThread0" daemon [_thread_blocked, id=6700, stack(0x0000000017560000,0x0000000017660000)]
  0x0000000016f84000 JavaThread "Attach Listener" daemon [_thread_blocked, id=1132, stack(0x0000000017460000,0x0000000017560000)]
=>0x0000000016f83000 JavaThread "Signal Dispatcher" daemon [_thread_in_vm, id=7532, stack(0x0000000017360000,0x0000000017460000)]
  0x0000000002209000 JavaThread "Finalizer" daemon [_thread_blocked, id=8104, stack(0x0000000016c30000,0x0000000016d30000)]
  0x0000000002202000 JavaThread "Reference Handler" daemon [_thread_blocked, id=2628, stack(0x0000000016b30000,0x0000000016c30000)]
  0x0000000002112800 JavaThread "main" [_thread_blocked, id=6216, stack(0x0000000001d30000,0x0000000001e30000)]

Other Threads:
  0x0000000014d29800 VMThread [stack: 0x0000000016a30000,0x0000000016b30000] [id=4448]

VM state:synchronizing (normal execution)

VM Mutex/Monitor currently owned by a thread:  ([mutex/lock_event])
[0x0000000001c9c2d0] Threads_lock - owner thread: 0x0000000014d29800

Heap:
 PSYoungGen      total 38400K, used 1996K [0x00000000eab00000, 0x00000000ed580000, 0x0000000100000000)
  eden space 33280K, 6% used [0x00000000eab00000,0x00000000eacf33f8,0x00000000ecb80000)
  from space 5120K, 0% used [0x00000000ed080000,0x00000000ed080000,0x00000000ed580000)
  to   space 5120K, 0% used [0x00000000ecb80000,0x00000000ecb80000,0x00000000ed080000)
 ParOldGen       total 87552K, used 0K [0x00000000c0000000, 0x00000000c5580000, 0x00000000eab00000)
  object space 87552K, 0% used [0x00000000c0000000,0x00000000c0000000,0x00000000c5580000)
 Metaspace       used 2826K, capacity 4486K, committed 4864K, reserved 1056768K
  class space    used 309K, capacity 386K, committed 512K, reserved 1048576K

Card table byte_map: [0x00000000115d0000,0x00000000117e0000] byte_map_base: 0x0000000010fd0000

Marking Bits: (ParMarkBitMap*) 0x000000006bd4a5b0
 Begin Bits: [0x0000000012140000, 0x0000000013140000)
 End Bits:   [0x0000000013140000, 0x0000000014140000)

Polling page: 0x0000000001c70000

CodeCache: size=245760Kb used=1108Kb max_used=1108Kb free=244651Kb
 bounds [0x0000000002210000, 0x0000000002480000, 0x0000000011210000]
 total_blobs=267 nmethods=33 adapters=148
 compilation: enabled

Compilation events (10 events):
Event: 0.480 Thread 0x0000000016fe2800   29       3       java.lang.AbstractStringBuilder::append (50 bytes)
Event: 0.481 Thread 0x0000000016fe2800 nmethod 29 0x0000000002324590 code [0x0000000002324720, 0x0000000002324c28]
Event: 0.481 Thread 0x0000000016fe2800   33       1       java.lang.String::length (6 bytes)
Event: 0.481 Thread 0x0000000016fe2800 nmethod 33 0x0000000002321a10 code [0x0000000002321b60, 0x0000000002321c70]
Event: 0.481 Thread 0x0000000016fe2800   30       3       java.lang.StringBuilder::append (8 bytes)
Event: 0.482 Thread 0x0000000016fe2800 nmethod 30 0x00000000023215d0 code [0x0000000002321740, 0x00000000023218c8]
Event: 0.482 Thread 0x0000000016fe2800   31       1       java.nio.Buffer::position (5 bytes)
Event: 0.482 Thread 0x0000000016fe2800 nmethod 31 0x0000000002324e10 code [0x0000000002324f60, 0x0000000002325070]
Event: 0.482 Thread 0x0000000016fe2800   32       1       java.nio.Buffer::limit (5 bytes)
Event: 0.482 Thread 0x0000000016fe2800 nmethod 32 0x00000000023250d0 code [0x0000000002325220, 0x0000000002325330]

GC Heap History (0 events):
No events

Deoptimization events (0 events):
No events

Internal exceptions (4 events):
Event: 0.218 Thread 0x0000000002112800 Exception <a 'java/lang/NoSuchMethodError': Method sun.misc.Unsafe.defineClass(Ljava/lang/String;[BII)Ljava/lang/Class; name or signature does not match> (0x00000000eab0d8f8) thrown at [C:\re\workspace\8-2-build-windows-amd64-cygwin\jdk8u60\4407\hotspot\srÔèñÒGÃ?
Event: 0.221 Thread 0x0000000002112800 Exception <a 'java/lang/NoSuchMethodError': Method sun.misc.Unsafe.prefetchRead(Ljava/lang/Object;J)V name or signature does not match> (0x00000000eab0dbe0) thrown at [C:\re\workspace\8-2-build-windows-amd64-cygwin\jdk8u60\4407\hotspot\src\share\vm\prims\j4Ïë{®?ﬁ?
Event: 0.473 Thread 0x0000000002112800 Exception <a 'java/lang/OutOfMemoryError'> (0x00000000eab915c8) thrown at [C:\re\workspace\8-2-build-windows-amd64-cygwin\jdk8u60\4407\hotspot\src\share\vm\prims\jni.cpp, line 735]
Event: 0.473 Thread 0x0000000002112800 Exception <a 'java/lang/OutOfMemoryError'> (0x00000000eab915c8) thrown at [C:\re\workspace\8-2-build-windows-amd64-cygwin\jdk8u60\4407\hotspot\src\share\vm\prims\jvm.cpp, line 1390]

Events (10 events):
Event: 0.475 loading class java/lang/Throwable$WrappedPrintStream done
Event: 0.475 loading class java/util/IdentityHashMap
Event: 0.476 loading class java/util/IdentityHashMap done
Event: 0.477 loading class java/util/IdentityHashMap$KeySet
Event: 0.478 loading class java/util/IdentityHashMap$KeySet done
Event: 0.481 loading class java/lang/Shutdown
Event: 0.482 loading class java/lang/Shutdown done
Event: 0.482 loading class java/lang/Shutdown$Lock
Event: 0.482 loading class java/lang/Shutdown$Lock done
Event: 0.483 Executing VM operation: Exit


Dynamic libraries:
0x000007f757790000 - 0x000007f7577c7000 	C:\Program Files\Java\jdk1.8.0_60\bin\java.exe
0x000007f9a50c0000 - 0x000007f9a5280000 	C:\Windows\SYSTEM32\ntdll.dll
0x000007f9a4390000 - 0x000007f9a44c6000 	C:\Windows\system32\KERNEL32.DLL
0x000007f9a23b0000 - 0x000007f9a24a3000 	C:\Windows\system32\KERNELBASE.dll
0x000007f9a2bd0000 - 0x000007f9a2cae000 	C:\Windows\system32\ADVAPI32.dll
0x000007f9a40e0000 - 0x000007f9a422c000 	C:\Windows\system32\USER32.dll
0x000007f99fcb0000 - 0x000007f99ff1a000 	C:\Windows\WinSxS\amd64_microsoft.windows.common-controls_6595b64144ccf1df_6.0.9200.16579_none_418ab7ef718b27ef\COMCTL32.dll
0x000007f9a42e0000 - 0x000007f9a4385000 	C:\Windows\system32\msvcrt.dll
0x000007f9a24c0000 - 0x000007f9a2508000 	C:\Windows\SYSTEM32\sechost.dll
0x000007f9a2cb0000 - 0x000007f9a2df5000 	C:\Windows\system32\RPCRT4.dll
0x000007f9a44d0000 - 0x000007f9a4611000 	C:\Windows\system32\GDI32.dll
0x000007f9a4e60000 - 0x000007f9a4e99000 	C:\Windows\system32\IMM32.DLL
0x000007f9a4d40000 - 0x000007f9a4e56000 	C:\Windows\system32\MSCTF.dll
0x000000006c560000 - 0x000000006c632000 	C:\Program Files\Java\jdk1.8.0_60\jre\bin\msvcr100.dll
0x000000006b540000 - 0x000000006bdc9000 	C:\Program Files\Java\jdk1.8.0_60\jre\bin\server\jvm.dll
0x000007f98aeb0000 - 0x000007f98aeb9000 	C:\Windows\SYSTEM32\WSOCK32.dll
0x000007f99f040000 - 0x000007f99f060000 	C:\Windows\SYSTEM32\WINMM.dll
0x000007f99f820000 - 0x000007f99f829000 	C:\Windows\SYSTEM32\VERSION.dll
0x000007f9a24b0000 - 0x000007f9a24b7000 	C:\Windows\system32\PSAPI.DLL
0x000007f9a4ea0000 - 0x000007f9a4ef8000 	C:\Windows\system32\WS2_32.dll
0x000007f99ef20000 - 0x000007f99ef53000 	C:\Windows\SYSTEM32\WINMMBASE.dll
0x000007f9a4a60000 - 0x000007f9a4a69000 	C:\Windows\system32\NSI.dll
0x000007f9a2260000 - 0x000007f9a22af000 	C:\Windows\SYSTEM32\cfgmgr32.dll
0x000007f9a22b0000 - 0x000007f9a22d2000 	C:\Windows\system32\DEVOBJ.dll
0x000000006c300000 - 0x000000006c30f000 	C:\Program Files\Java\jdk1.8.0_60\jre\bin\verify.dll
0x000000006c2d0000 - 0x000000006c2f9000 	C:\Program Files\Java\jdk1.8.0_60\jre\bin\java.dll
0x000000006c2b0000 - 0x000000006c2c6000 	C:\Program Files\Java\jdk1.8.0_60\jre\bin\zip.dll
0x000007f9a2e00000 - 0x000007f9a40df000 	C:\Windows\system32\SHELL32.dll
0x000007f9a2a20000 - 0x000007f9a2bd0000 	C:\Windows\SYSTEM32\combase.dll
0x000007f9a4a10000 - 0x000007f9a4a60000 	C:\Windows\system32\SHLWAPI.dll
0x000007f9a1130000 - 0x000007f9a11c5000 	C:\Windows\SYSTEM32\SHCORE.dll
0x000007f9a2000000 - 0x000007f9a2015000 	C:\Windows\system32\profapi.dll

VM Arguments:
jvm_args: -Xmx1024M -Dfile.encoding=windows-1252 -Duser.country=US -Duser.language=en -Duser.variant 
java_command: com.android.dx.command.Main --dex --num-threads=4 --output C:\Users\Jacobmosehansen\Desktop\IKT\6_Semester\ITSMAP\itsmap_repo\Theme_project\Project\ThemeProject\app\build\intermediates\pre-dexed\debug\classes-d572015f95edf3bd966af42f488d64b20148892e.jar C:\Users\Jacobmosehansen\Desktop\IKT\6_Semester\ITSMAP\itsmap_repo\Theme_project\Project\ThemeProject\app\build\intermediates\exploded-aar\com.android.support\mediarouter-v7\22.2.0\jars\classes.jar
java_class_path (initial): C:\Users\Jacobmosehansen\AppData\Local\Android\sdk\build-tools\23.0.1\lib\dx.jar
Launcher Type: SUN_STANDARD

Environment Variables:
PATH=C:\ProgramData\Oracle\Java\javapath;C:\Windows\system32;C:\Windows;C:\Windows\System32\Wbem;C:\Windows\System32\WindowsPowerShell\v1.0\;C:\Program Files (x86)\Windows Kits\8.1\Windows Performance Toolkit\;C:\Program Files\Microsoft SQL Server\110\Tools\Binn\;C:\Program Files (x86)\Git\cmd;C:\Program Files\MATLAB\R2015a\runtime\win64;C:\Program Files\MATLAB\R2015a\bin;C:\Program Files\MATLAB\R2013b\runtime\win64;C:\Program Files\MATLAB\R2013b\bin;C:\Strawberry\c\bin;C:\Strawberry\perl\site\bin;C:\Strawberry\perl\bin;c:\Program Files (x86)\Microsoft SQL Server\110\Tools\Binn\ManagementStudio\;c:\Program Files (x86)\Microsoft SQL Server\110\Tools\Binn\;c:\Program Files (x86)\Microsoft SQL Server\110\DTS\Binn\;c:\Program Files\Microsoft SQL Server\110\DTS\Binn\;C:\Program Files (x86)\NVIDIA Corporation\PhysX\Common;C:\Program Files (x86)\Skype\Phone\;C:\texlive\2014\bin\win32;C:\Users\Jacobmosehansen\AppData\Local\Code\bin
USERNAME=Jacobmosehansen
OS=Windows_NT
PROCESSOR_IDENTIFIER=Intel64 Family 6 Model 58 Stepping 9, GenuineIntel



---------------  S Y S T E M  ---------------

OS: Windows 8 , 64 bit Build 9200 (6.2.9200.16815)

CPU:total 8 (4 cores per cpu, 2 threads per core) family 6 model 58 stepping 9, cmov, cx8, fxsr, mmx, sse, sse2, sse3, ssse3, sse4.1, sse4.2, popcnt, avx, aes, clmul, erms, ht, tsc, tscinvbit, tscinv

Memory: 4k page, physical 8293064k(701964k free), swap 13631204k(4892k free)

vm_info: Java HotSpot(TM) 64-Bit Server VM (25.60-b23) for windows-amd64 JRE (1.8.0_60-b27), built on Aug  4 2015 11:06:27 by "java_re" with MS VC++ 10.0 (VS2010)

time: Sat Oct 10 15:04:36 2015
elapsed time: 0 seconds (0d 0h 0m 0s)

