#
# A fatal error has been detected by the Java Runtime Environment:
#
#  Internal Error (0xc06d007e), pid=7532, tid=8452
#
# JRE version:  (8.0_60-b27) (build )
# Java VM: Java HotSpot(TM) 64-Bit Server VM (25.60-b23 mixed mode windows-amd64 compressed oops)
# Problematic frame:
# C  [KERNELBASE.dll+0x264a8]
#
# Failed to write core dump. Minidumps are not enabled by default on client versions of Windows
#
# If you would like to submit a bug report, please visit:
#   http://bugreport.java.com/bugreport/crash.jsp
# The crash happened outside the Java Virtual Machine in native code.
# See problematic frame for where to report the bug.
#

---------------  T H R E A D  ---------------

Current thread (0x00000000020e2800):  JavaThread "main" [_thread_in_native, id=8452, stack(0x0000000001d00000,0x0000000001e00000)]

siginfo: ExceptionCode=0xc06d007e, ExceptionInformation=0x0000000001dfebf0 

Registers:
RAX=0x0000000000000000, RBX=0x0000000000000000, RCX=0x0000000000000000, RDX=0x0000000000000000
RSP=0x0000000001dfeaf0, RBP=0x0000000001dfec48, RSI=0x000000006c2ed874, RDI=0x0000000000000000
R8 =0x0000000001000000, R9 =0x0000000001dfe6e0, R10=0x0000000000000000, R11=0x0000000000000000
R12=0x0000000000000001, R13=0x000000006c2f5780, R14=0x000000006c2f5510, R15=0x000000006c2ed900
RIP=0x000007f9a23d64a8, EFLAGS=0x0000000000000202

Top of Stack: (sp=0x0000000001dfeaf0)
0x0000000001dfeaf0:   0000000001dfeb70 0000000000000000
0x0000000001dfeb00:   000000006c2ed874 0000000000000000
0x0000000001dfeb10:   00000000c06d007e 0000000000000000
0x0000000001dfeb20:   000007f9a23d64a8 0000000000000001
0x0000000001dfeb30:   0000000001dfebf0 0000000000000000
0x0000000001dfeb40:   0000000000000000 000007f9a23b84ff
0x0000000001dfeb50:   0000000000000000 000000006c2ed874
0x0000000001dfeb60:   000000000029d901 0000000000000000
0x0000000001dfeb70:   0000000000000000 0000000000000000
0x0000000001dfeb80:   00000000000c000b 000000006c2ecb40
0x0000000001dfeb90:   000000006c2ecb40 000007f9a4393aea
0x0000000001dfeba0:   0000000000000000 000000006c5b4e7e
0x0000000001dfebb0:   000060e8cf7d044b 000000006c585695
0x0000000001dfebc0:   0000000000000000 000000006c2e8867
0x0000000001dfebd0:   0000000000000000 000000006c2ed874
0x0000000001dfebe0:   0000000000000001 000000006c5b38a8 

Instructions: (pc=0x000007f9a23d64a8)
0x000007f9a23d6488:   44 3b c0 44 0f 47 c0 44 89 44 24 38 49 c1 e0 03
0x000007f9a23d6498:   e8 13 b1 fd ff 48 8d 4c 24 20 ff 15 78 22 0c 00
0x000007f9a23d64a8:   48 8b 8c 24 c0 00 00 00 48 33 cc e8 38 b0 fd ff
0x000007f9a23d64b8:   48 81 c4 d8 00 00 00 c3 83 64 24 38 00 eb d6 cc 


Register to memory mapping:

RAX=0x0000000000000000 is an unknown value
RBX=0x0000000000000000 is an unknown value
RCX=0x0000000000000000 is an unknown value
RDX=0x0000000000000000 is an unknown value
RSP=0x0000000001dfeaf0 is pointing into the stack for thread: 0x00000000020e2800
RBP=0x0000000001dfec48 is pointing into the stack for thread: 0x00000000020e2800
RSI=0x000000006c2ed874 is an unknown value
RDI=0x0000000000000000 is an unknown value
R8 =0x0000000001000000 is an unknown value
R9 =0x0000000001dfe6e0 is pointing into the stack for thread: 0x00000000020e2800
R10=0x0000000000000000 is an unknown value
R11=0x0000000000000000 is an unknown value
R12=0x0000000000000001 is an unknown value
R13=0x000000006c2f5780 is an unknown value
R14=0x000000006c2f5510 is an unknown value
R15=0x000000006c2ed900 is an unknown value


Stack: [0x0000000001d00000,0x0000000001e00000],  sp=0x0000000001dfeaf0,  free space=1018k
Native frames: (J=compiled Java code, j=interpreted, Vv=VM code, C=native code)
C  [KERNELBASE.dll+0x264a8]

Java frames: (J=compiled Java code, j=interpreted, Vv=VM code)
j  java.lang.System.initProperties(Ljava/util/Properties;)Ljava/util/Properties;+0
j  java.lang.System.initializeSystemClass()V+13
v  ~StubRoutines::call_stub

---------------  P R O C E S S  ---------------

Java Threads: ( => current thread )
  0x00000000021d3800 JavaThread "Finalizer" daemon [_thread_blocked, id=7936, stack(0x0000000016be0000,0x0000000016ce0000)]
  0x00000000021d2000 JavaThread "Reference Handler" daemon [_thread_blocked, id=7324, stack(0x0000000016ae0000,0x0000000016be0000)]
=>0x00000000020e2800 JavaThread "main" [_thread_in_native, id=8452, stack(0x0000000001d00000,0x0000000001e00000)]

Other Threads:
  0x0000000014cf9800 VMThread [stack: 0x00000000169e0000,0x0000000016ae0000] [id=7684]

VM state:not at safepoint (normal execution)

VM Mutex/Monitor currently owned by a thread: None

Heap:
 PSYoungGen      total 38400K, used 1331K [0x00000000eab00000, 0x00000000ed580000, 0x0000000100000000)
  eden space 33280K, 4% used [0x00000000eab00000,0x00000000eac4cd80,0x00000000ecb80000)
  from space 5120K, 0% used [0x00000000ed080000,0x00000000ed080000,0x00000000ed580000)
  to   space 5120K, 0% used [0x00000000ecb80000,0x00000000ecb80000,0x00000000ed080000)
 ParOldGen       total 87552K, used 0K [0x00000000c0000000, 0x00000000c5580000, 0x00000000eab00000)
  object space 87552K, 0% used [0x00000000c0000000,0x00000000c0000000,0x00000000c5580000)
 Metaspace       used 959K, capacity 4480K, committed 4480K, reserved 1056768K
  class space    used 99K, capacity 384K, committed 384K, reserved 1048576K

Card table byte_map: [0x00000000115a0000,0x00000000117b0000] byte_map_base: 0x0000000010fa0000

Marking Bits: (ParMarkBitMap*) 0x000000006bd4a5b0
 Begin Bits: [0x0000000012110000, 0x0000000013110000)
 End Bits:   [0x0000000013110000, 0x0000000014110000)

Polling page: 0x00000000004c0000

CodeCache: size=245760Kb used=402Kb max_used=402Kb free=245357Kb
 bounds [0x00000000021e0000, 0x0000000002450000, 0x00000000111e0000]
 total_blobs=99 nmethods=0 adapters=73
 compilation: enabled

Compilation events (0 events):
No events

GC Heap History (0 events):
No events

Deoptimization events (0 events):
No events

Internal exceptions (0 events):
No events

Events (10 events):
Event: 0.081 loading class java/lang/ref/Finalizer$FinalizerThread done
Event: 0.081 Thread 0x00000000021d3800 Thread added: 0x00000000021d3800
Event: 0.082 loading class java/util/Hashtable$Entry
Event: 0.082 loading class java/util/Map$Entry
Event: 0.082 loading class java/util/Map$Entry done
Event: 0.082 loading class java/util/Hashtable$Entry done
Event: 0.082 loading class java/lang/Math
Event: 0.082 loading class java/lang/Math done
Event: 0.084 loading class sun/misc/VM
Event: 0.085 loading class sun/misc/VM done


Dynamic libraries:
0x000007f757790000 - 0x000007f7577c7000 	C:\Program Files\Java\jdk1.8.0_60\bin\java.exe
0x000007f9a50c0000 - 0x000007f9a5280000 	C:\Windows\SYSTEM32\ntdll.dll
0x000007f9a4390000 - 0x000007f9a44c6000 	C:\Windows\system32\KERNEL32.DLL
0x000007f9a23b0000 - 0x000007f9a24a3000 	C:\Windows\system32\KERNELBASE.dll
0x000007f9a2bd0000 - 0x000007f9a2cae000 	C:\Windows\system32\ADVAPI32.dll
0x000007f9a40e0000 - 0x000007f9a422c000 	C:\Windows\system32\USER32.dll
0x000007f99fcb0000 - 0x000007f99ff1a000 	C:\Windows\WinSxS\amd64_microsoft.windows.common-controls_6595b64144ccf1df_6.0.9200.16579_none_418ab7ef718b27ef\COMCTL32.dll
0x000007f9a42e0000 - 0x000007f9a4385000 	C:\Windows\system32\msvcrt.dll
0x000007f9a24c0000 - 0x000007f9a2508000 	C:\Windows\SYSTEM32\sechost.dll
0x000007f9a2cb0000 - 0x000007f9a2df5000 	C:\Windows\system32\RPCRT4.dll
0x000007f9a44d0000 - 0x000007f9a4611000 	C:\Windows\system32\GDI32.dll
0x000007f9a4e60000 - 0x000007f9a4e99000 	C:\Windows\system32\IMM32.DLL
0x000007f9a4d40000 - 0x000007f9a4e56000 	C:\Windows\system32\MSCTF.dll
0x000000006c560000 - 0x000000006c632000 	C:\Program Files\Java\jdk1.8.0_60\jre\bin\msvcr100.dll
0x000000006b540000 - 0x000000006bdc9000 	C:\Program Files\Java\jdk1.8.0_60\jre\bin\server\jvm.dll
0x000007f98aeb0000 - 0x000007f98aeb9000 	C:\Windows\SYSTEM32\WSOCK32.dll
0x000007f99f040000 - 0x000007f99f060000 	C:\Windows\SYSTEM32\WINMM.dll
0x000007f99f820000 - 0x000007f99f829000 	C:\Windows\SYSTEM32\VERSION.dll
0x000007f9a24b0000 - 0x000007f9a24b7000 	C:\Windows\system32\PSAPI.DLL
0x000007f9a4ea0000 - 0x000007f9a4ef8000 	C:\Windows\system32\WS2_32.dll
0x000007f99ef20000 - 0x000007f99ef53000 	C:\Windows\SYSTEM32\WINMMBASE.dll
0x000007f9a4a60000 - 0x000007f9a4a69000 	C:\Windows\system32\NSI.dll
0x000007f9a2260000 - 0x000007f9a22af000 	C:\Windows\SYSTEM32\cfgmgr32.dll
0x000007f9a22b0000 - 0x000007f9a22d2000 	C:\Windows\system32\DEVOBJ.dll
0x000000006c300000 - 0x000000006c30f000 	C:\Program Files\Java\jdk1.8.0_60\jre\bin\verify.dll
0x000000006c2d0000 - 0x000000006c2f9000 	C:\Program Files\Java\jdk1.8.0_60\jre\bin\java.dll
0x000000006c2b0000 - 0x000000006c2c6000 	C:\Program Files\Java\jdk1.8.0_60\jre\bin\zip.dll

VM Arguments:
jvm_args: -Xmx1024M -Dfile.encoding=windows-1252 -Duser.country=US -Duser.language=en -Duser.variant 
java_command: com.android.dx.command.Main --dex --num-threads=4 --output C:\Users\Jacobmosehansen\Desktop\IKT\6_Semester\ITSMAP\itsmap_repo\Theme_project\Project\ThemeProject\app\build\intermediates\pre-dexed\debug\classes-d70bc5de188c773aeace9e0529ce5a0ba1743feb.jar C:\Users\Jacobmosehansen\Desktop\IKT\6_Semester\ITSMAP\itsmap_repo\Theme_project\Project\ThemeProject\app\build\intermediates\exploded-aar\com.google.android.gms\play-services-nearby\8.1.0\jars\classes.jar
java_class_path (initial): C:\Users\Jacobmosehansen\AppData\Local\Android\sdk\build-tools\23.0.1\lib\dx.jar
Launcher Type: SUN_STANDARD

Environment Variables:
PATH=C:\ProgramData\Oracle\Java\javapath;C:\Windows\system32;C:\Windows;C:\Windows\System32\Wbem;C:\Windows\System32\WindowsPowerShell\v1.0\;C:\Program Files (x86)\Windows Kits\8.1\Windows Performance Toolkit\;C:\Program Files\Microsoft SQL Server\110\Tools\Binn\;C:\Program Files (x86)\Git\cmd;C:\Program Files\MATLAB\R2015a\runtime\win64;C:\Program Files\MATLAB\R2015a\bin;C:\Program Files\MATLAB\R2013b\runtime\win64;C:\Program Files\MATLAB\R2013b\bin;C:\Strawberry\c\bin;C:\Strawberry\perl\site\bin;C:\Strawberry\perl\bin;c:\Program Files (x86)\Microsoft SQL Server\110\Tools\Binn\ManagementStudio\;c:\Program Files (x86)\Microsoft SQL Server\110\Tools\Binn\;c:\Program Files (x86)\Microsoft SQL Server\110\DTS\Binn\;c:\Program Files\Microsoft SQL Server\110\DTS\Binn\;C:\Program Files (x86)\NVIDIA Corporation\PhysX\Common;C:\Program Files (x86)\Skype\Phone\;C:\texlive\2014\bin\win32;C:\Users\Jacobmosehansen\AppData\Local\Code\bin
USERNAME=Jacobmosehansen
OS=Windows_NT
PROCESSOR_IDENTIFIER=Intel64 Family 6 Model 58 Stepping 9, GenuineIntel



---------------  S Y S T E M  ---------------

OS: Windows 8 , 64 bit Build 9200 (6.2.9200.16815)

CPU:total 8 (4 cores per cpu, 2 threads per core) family 6 model 58 stepping 9, cmov, cx8, fxsr, mmx, sse, sse2, sse3, ssse3, sse4.1, sse4.2, popcnt, avx, aes, clmul, erms, ht, tsc, tscinvbit, tscinv

Memory: 4k page, physical 8293064k(686644k free), swap 13631820k(206208k free)

vm_info: Java HotSpot(TM) 64-Bit Server VM (25.60-b23) for windows-amd64 JRE (1.8.0_60-b27), built on Aug  4 2015 11:06:27 by "java_re" with MS VC++ 10.0 (VS2010)

time: Sat Oct 10 15:04:38 2015
elapsed time: 0 seconds (0d 0h 0m 0s)

